<?xml version="1.0" encoding="UTF-8"?>
<!-- Generated by org.testng.reporters.JUnitReportReporter -->
<testsuite hostname="LTIN327099" failures="0" tests="18" name="projectTestCases.ProductPageTestCases" time="47.445" errors="0" timestamp="2024-04-08T00:20:39 IST" skipped="0">
  <testcase classname="projectTestCases.ProductPageTestCases" name="checkHomePageUrlTest" time="0.024"/>
  <system-out/>
  <testcase classname="projectTestCases.ProductPageTestCases" name="checkHomePageUrlTest" time="0.023"/>
  <system-out/>
  <testcase classname="projectTestCases.ProductPageTestCases" name="clickBookShelfTest" time="4.327"/>
  <system-out/>
  <testcase classname="projectTestCases.ProductPageTestCases" name="clickBookShelfTest" time="5.455"/>
  <system-out/>
  <testcase classname="projectTestCases.ProductPageTestCases" name="checkProductPageUrlTest" time="0.056"/>
  <system-out/>
  <testcase classname="projectTestCases.ProductPageTestCases" name="checkProductPageUrlTest" time="0.013"/>
  <system-out/>
  <testcase classname="projectTestCases.ProductPageTestCases" name="checkProductPageTitleTest" time="0.011"/>
  <system-out/>
  <testcase classname="projectTestCases.ProductPageTestCases" name="checkProductPageTitleTest" time="0.036"/>
  <system-out/>
  <testcase classname="projectTestCases.ProductPageTestCases" name="popupTest" time="5.143"/>
  <system-out/>
  <testcase classname="projectTestCases.ProductPageTestCases" name="popupTest" time="5.161"/>
  <system-out/>
  <testcase classname="projectTestCases.ProductPageTestCases" name="PriceSliderTest" time="10.629"/>
  <system-out/>
  <testcase classname="projectTestCases.ProductPageTestCases" name="PriceSliderTest" time="10.646"/>
  <system-out/>
  <testcase classname="projectTestCases.ProductPageTestCases" name="StorageTypeTest" time="0.301"/>
  <system-out/>
  <testcase classname="projectTestCases.ProductPageTestCases" name="StorageTypeTest" time="0.304"/>
  <system-out/>
  <testcase classname="projectTestCases.ProductPageTestCases" name="ExcludeOutOfStockTest" time="0.126"/>
  <system-out/>
  <testcase classname="projectTestCases.ProductPageTestCases" name="ExcludeOutOfStockTest" time="0.150"/>
  <system-out/>
  <testcase classname="projectTestCases.ProductPageTestCases" name="listOfProductsTest" time="2.497"/>
  <system-out/>
  <testcase classname="projectTestCases.ProductPageTestCases" name="listOfProductsTest" time="2.543"/>
  <system-out/>
</testsuite> <!-- projectTestCases.ProductPageTestCases -->
