<?xml version="1.0" encoding="UTF-8"?>
<!-- Generated by org.testng.reporters.JUnitReportReporter -->
<testsuite hostname="LTIN327099" failures="0" tests="6" name="projectTestCases.HomePageTestCases" time="18.464" errors="0" timestamp="2024-04-04T15:58:17 IST" skipped="0">
  <testcase classname="projectTestCases.HomePageTestCases" name="checkHomePageUrlTest" time="0.016"/>
  <system-out/>
  <testcase classname="projectTestCases.HomePageTestCases" name="checkHomePageUrlTest" time="0.029"/>
  <system-out/>
  <testcase classname="projectTestCases.HomePageTestCases" name="checkHomePageTitleTest" time="0.012"/>
  <system-out/>
  <testcase classname="projectTestCases.HomePageTestCases" name="checkHomePageTitleTest" time="0.139"/>
  <system-out/>
  <testcase classname="projectTestCases.HomePageTestCases" name="ExtractDealTest" time="9.263"/>
  <system-out/>
  <testcase classname="projectTestCases.HomePageTestCases" name="ExtractDealTest" time="9.005"/>
  <system-out/>
</testsuite> <!-- projectTestCases.HomePageTestCases -->
