<?xml version="1.0" encoding="UTF-8"?>
<!-- Generated by org.testng.reporters.JUnitReportReporter -->
<testsuite hostname="LTIN327099" failures="0" tests="6" name="projectTestCases.HomePageTestCases" time="17.739" errors="0" timestamp="2024-04-08T00:20:39 IST" skipped="0">
  <testcase classname="projectTestCases.HomePageTestCases" name="checkHomePageUrlTest" time="0.019"/>
  <system-out/>
  <testcase classname="projectTestCases.HomePageTestCases" name="checkHomePageUrlTest" time="0.014"/>
  <system-out/>
  <testcase classname="projectTestCases.HomePageTestCases" name="checkHomePageTitleTest" time="0.012"/>
  <system-out/>
  <testcase classname="projectTestCases.HomePageTestCases" name="checkHomePageTitleTest" time="0.015"/>
  <system-out/>
  <testcase classname="projectTestCases.HomePageTestCases" name="ExtractDealTest" time="8.976"/>
  <system-out/>
  <testcase classname="projectTestCases.HomePageTestCases" name="ExtractDealTest" time="8.703"/>
  <system-out/>
</testsuite> <!-- projectTestCases.HomePageTestCases -->
