<?xml version="1.0" encoding="UTF-8"?>
<!-- Generated by org.testng.reporters.JUnitReportReporter -->
<testsuite hostname="LTIN327099" failures="0" tests="18" name="projectTestCases.ProductPageTestCases" time="44.841" errors="0" timestamp="2024-04-04T15:58:17 IST" skipped="0">
  <testcase classname="projectTestCases.ProductPageTestCases" name="checkHomePageUrlTest" time="0.036"/>
  <system-out/>
  <testcase classname="projectTestCases.ProductPageTestCases" name="checkHomePageUrlTest" time="0.022"/>
  <system-out/>
  <testcase classname="projectTestCases.ProductPageTestCases" name="clickBookShelfTest" time="3.073"/>
  <system-out/>
  <testcase classname="projectTestCases.ProductPageTestCases" name="clickBookShelfTest" time="2.431"/>
  <system-out/>
  <testcase classname="projectTestCases.ProductPageTestCases" name="checkProductPageUrlTest" time="0.074"/>
  <system-out/>
  <testcase classname="projectTestCases.ProductPageTestCases" name="checkProductPageUrlTest" time="0.083"/>
  <system-out/>
  <testcase classname="projectTestCases.ProductPageTestCases" name="checkProductPageTitleTest" time="0.016"/>
  <system-out/>
  <testcase classname="projectTestCases.ProductPageTestCases" name="checkProductPageTitleTest" time="0.019"/>
  <system-out/>
  <testcase classname="projectTestCases.ProductPageTestCases" name="popupTest" time="5.203"/>
  <system-out/>
  <testcase classname="projectTestCases.ProductPageTestCases" name="popupTest" time="5.263"/>
  <system-out/>
  <testcase classname="projectTestCases.ProductPageTestCases" name="PriceSliderTest" time="10.844"/>
  <system-out/>
  <testcase classname="projectTestCases.ProductPageTestCases" name="PriceSliderTest" time="10.999"/>
  <system-out/>
  <testcase classname="projectTestCases.ProductPageTestCases" name="StorageTypeTest" time="0.416"/>
  <system-out/>
  <testcase classname="projectTestCases.ProductPageTestCases" name="StorageTypeTest" time="0.421"/>
  <system-out/>
  <testcase classname="projectTestCases.ProductPageTestCases" name="ExcludeOutOfStockTest" time="0.210"/>
  <system-out/>
  <testcase classname="projectTestCases.ProductPageTestCases" name="ExcludeOutOfStockTest" time="0.211"/>
  <system-out/>
  <testcase classname="projectTestCases.ProductPageTestCases" name="listOfProductsTest" time="2.777"/>
  <system-out/>
  <testcase classname="projectTestCases.ProductPageTestCases" name="listOfProductsTest" time="2.743"/>
  <system-out/>
</testsuite> <!-- projectTestCases.ProductPageTestCases -->
