<?xml version="1.0" encoding="UTF-8"?>
<!-- Generated by org.testng.reporters.JUnitReportReporter -->
<testsuite hostname="LTIN327099" failures="0" tests="18" name="projectTestCases.GiftCardPageTestCases" time="45.970" errors="0" timestamp="2024-04-03T22:20:02 IST" skipped="0">
  <testcase classname="projectTestCases.GiftCardPageTestCases" name="checkHomePageUrlTest" time="0.020"/>
  <testcase classname="projectTestCases.GiftCardPageTestCases" name="checkHomePageUrlTest" time="0.015"/>
  <testcase classname="projectTestCases.GiftCardPageTestCases" name="checkClickGiftCardTest" time="9.446"/>
  <testcase classname="projectTestCases.GiftCardPageTestCases" name="checkClickGiftCardTest" time="8.331"/>
  <testcase classname="projectTestCases.GiftCardPageTestCases" name="checkGiftCardUrlTest" time="0.007"/>
  <testcase classname="projectTestCases.GiftCardPageTestCases" name="checkGiftCardUrlTest" time="0.073"/>
  <testcase classname="projectTestCases.GiftCardPageTestCases" name="checkGiftCardTitleTest" time="0.027"/>
  <testcase classname="projectTestCases.GiftCardPageTestCases" name="checkGiftCardTitleTest" time="0.009"/>
  <testcase classname="projectTestCases.GiftCardPageTestCases" name="OccasionHandleTest" time="1.026"/>
  <testcase classname="projectTestCases.GiftCardPageTestCases" name="OccasionHandleTest" time="0.801"/>
  <testcase classname="projectTestCases.GiftCardPageTestCases" name="AmountHandlerTest" time="0.114"/>
  <testcase classname="projectTestCases.GiftCardPageTestCases" name="enterFormDetailsTest" time="11.880"/>
  <testcase classname="projectTestCases.GiftCardPageTestCases" name="enterFormDetailsTest" time="11.728"/>
  <testcase classname="projectTestCases.GiftCardPageTestCases" name="AmountHandlerTest" time="0.207"/>
  <testcase classname="projectTestCases.GiftCardPageTestCases" name="DropDownHandlerTest" time="0.724"/>
  <testcase classname="projectTestCases.GiftCardPageTestCases" name="DropDownHandlerTest" time="0.577"/>
  <testcase classname="projectTestCases.GiftCardPageTestCases" name="ButtonHandleTest" time="0.506"/>
  <testcase classname="projectTestCases.GiftCardPageTestCases" name="ButtonHandleTest" time="0.479"/>
</testsuite> <!-- projectTestCases.GiftCardPageTestCases -->
