<?xml version="1.0" encoding="UTF-8"?>
<!-- Generated by org.testng.reporters.JUnitReportReporter -->
<testsuite hostname="LTIN327099" failures="0" tests="6" name="projectTestCases.HomePageTestCases" time="17.592" errors="0" timestamp="2024-04-03T22:20:02 IST" skipped="0">
  <testcase classname="projectTestCases.HomePageTestCases" name="checkHomePageUrlTest" time="0.012"/>
  <testcase classname="projectTestCases.HomePageTestCases" name="checkHomePageUrlTest" time="0.020"/>
  <testcase classname="projectTestCases.HomePageTestCases" name="checkHomePageTitleTest" time="0.019"/>
  <testcase classname="projectTestCases.HomePageTestCases" name="checkHomePageTitleTest" time="0.009"/>
  <testcase classname="projectTestCases.HomePageTestCases" name="ExtractDealTest" time="8.622"/>
  <testcase classname="projectTestCases.HomePageTestCases" name="ExtractDealTest" time="8.910"/>
</testsuite> <!-- projectTestCases.HomePageTestCases -->
