<?xml version="1.0" encoding="UTF-8"?>
<!-- Generated by org.testng.reporters.JUnitReportReporter -->
<testsuite hostname="LTIN327099" failures="0" tests="18" name="projectTestCases.ProductPageTestCases" time="38.314" errors="0" timestamp="2024-04-03T22:20:02 IST" skipped="0">
  <testcase classname="projectTestCases.ProductPageTestCases" name="checkHomePageUrlTest" time="0.025"/>
  <testcase classname="projectTestCases.ProductPageTestCases" name="checkHomePageUrlTest" time="0.009"/>
  <testcase classname="projectTestCases.ProductPageTestCases" name="clickBookShelfTest" time="2.615"/>
  <testcase classname="projectTestCases.ProductPageTestCases" name="clickBookShelfTest" time="2.320"/>
  <testcase classname="projectTestCases.ProductPageTestCases" name="checkProductPageUrlTest" time="0.009"/>
  <testcase classname="projectTestCases.ProductPageTestCases" name="checkProductPageUrlTest" time="0.010"/>
  <testcase classname="projectTestCases.ProductPageTestCases" name="checkProductPageTitleTest" time="0.009"/>
  <testcase classname="projectTestCases.ProductPageTestCases" name="checkProductPageTitleTest" time="0.016"/>
  <testcase classname="projectTestCases.ProductPageTestCases" name="popupTest" time="2.395"/>
  <testcase classname="projectTestCases.ProductPageTestCases" name="popupTest" time="2.730"/>
  <testcase classname="projectTestCases.ProductPageTestCases" name="PriceSliderTest" time="11.035"/>
  <testcase classname="projectTestCases.ProductPageTestCases" name="PriceSliderTest" time="10.705"/>
  <testcase classname="projectTestCases.ProductPageTestCases" name="StorageTypeTest" time="0.257"/>
  <testcase classname="projectTestCases.ProductPageTestCases" name="ExcludeOutOfStockTest" time="0.165"/>
  <testcase classname="projectTestCases.ProductPageTestCases" name="ExcludeOutOfStockTest" time="0.268"/>
  <testcase classname="projectTestCases.ProductPageTestCases" name="StorageTypeTest" time="0.385"/>
  <testcase classname="projectTestCases.ProductPageTestCases" name="listOfProductsTest" time="2.604"/>
  <testcase classname="projectTestCases.ProductPageTestCases" name="listOfProductsTest" time="2.757"/>
</testsuite> <!-- projectTestCases.ProductPageTestCases -->
